  lecture12.cpp
C:\Users\Administrator\Desktop\CPlusPlusStudy\CplusplusProject\lecture12.cpp(145,68): warning C4305: '인수': 'double'에서 'T'(으)로 잘립니다.
C:\Users\Administrator\Desktop\CPlusPlusStudy\CplusplusProject\lecture12.cpp(145,68): warning C4305:         with
C:\Users\Administrator\Desktop\CPlusPlusStudy\CplusplusProject\lecture12.cpp(145,68): warning C4305:         [
C:\Users\Administrator\Desktop\CPlusPlusStudy\CplusplusProject\lecture12.cpp(145,68): warning C4305:             T=float
C:\Users\Administrator\Desktop\CPlusPlusStudy\CplusplusProject\lecture12.cpp(145,68): warning C4305:         ]
C:\Users\Administrator\Desktop\CPlusPlusStudy\CplusplusProject\lecture12.cpp(145,63): warning C4305: '인수': 'double'에서 'T'(으)로 잘립니다.
C:\Users\Administrator\Desktop\CPlusPlusStudy\CplusplusProject\lecture12.cpp(145,63): warning C4305:         with
C:\Users\Administrator\Desktop\CPlusPlusStudy\CplusplusProject\lecture12.cpp(145,63): warning C4305:         [
C:\Users\Administrator\Desktop\CPlusPlusStudy\CplusplusProject\lecture12.cpp(145,63): warning C4305:             T=float
C:\Users\Administrator\Desktop\CPlusPlusStudy\CplusplusProject\lecture12.cpp(145,63): warning C4305:         ]
C:\Users\Administrator\Desktop\CPlusPlusStudy\CplusplusProject\lecture12.cpp(151,74): warning C4305: '인수': 'double'에서 'T'(으)로 잘립니다.
C:\Users\Administrator\Desktop\CPlusPlusStudy\CplusplusProject\lecture12.cpp(151,74): warning C4305:         with
C:\Users\Administrator\Desktop\CPlusPlusStudy\CplusplusProject\lecture12.cpp(151,74): warning C4305:         [
C:\Users\Administrator\Desktop\CPlusPlusStudy\CplusplusProject\lecture12.cpp(151,74): warning C4305:             T=float
C:\Users\Administrator\Desktop\CPlusPlusStudy\CplusplusProject\lecture12.cpp(151,74): warning C4305:         ]
C:\Users\Administrator\Desktop\CPlusPlusStudy\CplusplusProject\lecture12.cpp(151,69): warning C4305: '인수': 'double'에서 'T'(으)로 잘립니다.
C:\Users\Administrator\Desktop\CPlusPlusStudy\CplusplusProject\lecture12.cpp(151,69): warning C4305:         with
C:\Users\Administrator\Desktop\CPlusPlusStudy\CplusplusProject\lecture12.cpp(151,69): warning C4305:         [
C:\Users\Administrator\Desktop\CPlusPlusStudy\CplusplusProject\lecture12.cpp(151,69): warning C4305:             T=float
C:\Users\Administrator\Desktop\CPlusPlusStudy\CplusplusProject\lecture12.cpp(151,69): warning C4305:         ]
  CplusplusProject.vcxproj -> C:\Users\Administrator\Desktop\CPlusPlusStudy\CplusplusProject\x64\Debug\CplusplusProject.exe
